<?xml version="1.0" encoding="UTF-8"?>
<testng-results ignored="0" total="1" passed="1" failed="0" skipped="0">
  <reporter-output>
  </reporter-output>
  <suite started-at="2022-01-27T01:24:36Z" name="Default suite" finished-at="2022-01-27T01:24:53Z" duration-ms="17368">
    <groups>
    </groups>
    <test started-at="2022-01-27T01:24:36Z" name="Default test" finished-at="2022-01-27T01:24:53Z" duration-ms="17368">
      <class name="test.TestSearch">
        <test-method is-config="true" signature="setup()[pri:0, instance:test.TestSearch@5454d35e]" started-at="2022-01-27T01:24:36Z" name="setup" finished-at="2022-01-27T01:24:45Z" duration-ms="9699" status="PASS">
          <reporter-output>
          </reporter-output>
        </test-method> <!-- setup -->
        <test-method signature="googleSearch()[pri:0, instance:test.TestSearch@5454d35e]" started-at="2022-01-27T01:24:45Z" name="googleSearch" finished-at="2022-01-27T01:24:49Z" duration-ms="3477" status="PASS">
          <reporter-output>
          </reporter-output>
        </test-method> <!-- googleSearch -->
        <test-method is-config="true" signature="tearDown()[pri:0, instance:test.TestSearch@5454d35e]" started-at="2022-01-27T01:24:49Z" name="tearDown" finished-at="2022-01-27T01:24:53Z" duration-ms="4179" status="PASS">
          <reporter-output>
          </reporter-output>
        </test-method> <!-- tearDown -->
      </class> <!-- test.TestSearch -->
    </test> <!-- Default test -->
  </suite> <!-- Default suite -->
</testng-results>
